Arguments: 
  /usr/local/bin/node /usr/local/Cellar/yarn/1.3.2/libexec/bin/yarn.js add xiaolan

PATH: 
  /opt/local/bin:/opt/local/sbin:/usr/local/bin:/usr/bin:/bin:/usr/sbin:/sbin:/usr/local/go/bin:/opt/local/bin:/opt/local/sbin:/Users/lanhao/bin:/Users/lanhao/go/bin:/usr/local/go/bin:/Users/lanhao/go/bin:/Users/lanhao/bin:/Users/lanhao/go/bin

Yarn version: 
  1.3.2

Node version: 
  9.5.0

Platform: 
  darwin x64

npm manifest: 
  {
    "name": "fcc-resource",
    "version": "1.0.1",
    "description": "",
    "main": "index.js",
    "scripts": {
      "build": "frog build && exit 0",
      "dev": "frog build && node server.js",
      "touch": "frog touch && exit 0"
    },
    "keywords": [],
    "author": "",
    "license": "ISC",
    "dependencies": {
      "xiaolan": "^1.6.27"
    }
  }

yarn manifest: 
  No manifest

Lockfile: 
  # THIS IS AN AUTOGENERATED FILE. DO NOT EDIT THIS FILE DIRECTLY.
  # yarn lockfile v1
  
  
  async@^2.5.0:
    version "2.6.0"
    resolved "https://registry.npmjs.org/async/-/async-2.6.0.tgz#61a29abb6fcc026fea77e56d1c6ec53a795951f4"
    dependencies:
      lodash "^4.14.0"
  
  bignumber.js@4.0.4:
    version "4.0.4"
    resolved "https://registry.npmjs.org/bignumber.js/-/bignumber.js-4.0.4.tgz#7c40f5abcd2d6623ab7b99682ee7db81b11889a4"
  
  colors@^1.1.2:
    version "1.2.1"
    resolved "https://registry.npmjs.org/colors/-/colors-1.2.1.tgz#f4a3d302976aaf042356ba1ade3b1a2c62d9d794"
  
  core-util-is@~1.0.0:
    version "1.0.2"
    resolved "https://registry.npmjs.org/core-util-is/-/core-util-is-1.0.2.tgz#b5fd54220aa2bc5ab57aab7140c940754503c1a7"
  
  crypto@0.0.3:
    version "0.0.3"
    resolved "https://registry.npmjs.org/crypto/-/crypto-0.0.3.tgz#470a81b86be4c5ee17acc8207a1f5315ae20dbb0"
  
  debug@2.6.9:
    version "2.6.9"
    resolved "https://registry.npmjs.org/debug/-/debug-2.6.9.tgz#5d128515df134ff327e90a4c93f4e077a536341f"
    dependencies:
      ms "2.0.0"
  
  depd@1.1.1:
    version "1.1.1"
    resolved "https://registry.npmjs.org/depd/-/depd-1.1.1.tgz#5783b4e1c459f06fa5ca27f991f3d06e7a310359"
  
  depd@~1.1.2:
    version "1.1.2"
    resolved "https://registry.npmjs.org/depd/-/depd-1.1.2.tgz#9bcd52e14c097763e749b274c4346ed2e560b5a9"
  
  destroy@~1.0.4:
    version "1.0.4"
    resolved "https://registry.npmjs.org/destroy/-/destroy-1.0.4.tgz#978857442c44749e4206613e37946205826abd80"
  
  dotenvr@^0.1.13:
    version "0.1.13"
    resolved "https://registry.npmjs.org/dotenvr/-/dotenvr-0.1.13.tgz#45e6b5b52807620fbd6dba35d957ecf4c90501ac"
  
  double-ended-queue@^2.1.0-0:
    version "2.1.0-0"
    resolved "https://registry.npmjs.org/double-ended-queue/-/double-ended-queue-2.1.0-0.tgz#103d3527fd31528f40188130c841efdd78264e5c"
  
  easymysql@^0.2.7:
    version "0.2.7"
    resolved "https://registry.npmjs.org/easymysql/-/easymysql-0.2.7.tgz#05922426128b12acacc0ff186bff5de0355db37a"
    dependencies:
      mysql-robin "=2.0.8"
      safequeue ">=0.0.2"
  
  ee-first@1.1.1:
    version "1.1.1"
    resolved "https://registry.npmjs.org/ee-first/-/ee-first-1.1.1.tgz#590c61156b0ae2f4f0255732a158b266bc56b21d"
  
  encodeurl@~1.0.2:
    version "1.0.2"
    resolved "https://registry.npmjs.org/encodeurl/-/encodeurl-1.0.2.tgz#ad3ff4c86ec2d029322f5a02c3a9a606c95b3f59"
  
  escape-html@~1.0.3:
    version "1.0.3"
    resolved "https://registry.npmjs.org/escape-html/-/escape-html-1.0.3.tgz#0258eae4d3d0c0974de1c169188ef0051d1d1988"
  
  etag@~1.8.1:
    version "1.8.1"
    resolved "https://registry.npmjs.org/etag/-/etag-1.8.1.tgz#41ae2eeb65efa62268aebfea83ac7d79299b0887"
  
  fresh@0.5.2:
    version "0.5.2"
    resolved "https://registry.npmjs.org/fresh/-/fresh-0.5.2.tgz#3d8cadd90d976569fa835ab1f8e4b23a105605a7"
  
  fy-mysql@^0.2.13:
    version "0.2.13"
    resolved "https://registry.npmjs.org/fy-mysql/-/fy-mysql-0.2.13.tgz#0b53e8017a232078c124a89f7e76ad569d0ab9f3"
    dependencies:
      mysql "^2.10.2"
      safequeue ">=0.0.2"
  
  http-errors@~1.6.2:
    version "1.6.2"
    resolved "https://registry.npmjs.org/http-errors/-/http-errors-1.6.2.tgz#0a002cc85707192a7e7946ceedc11155f60ec736"
    dependencies:
      depd "1.1.1"
      inherits "2.0.3"
      setprototypeof "1.0.3"
      statuses ">= 1.3.1 < 2"
  
  inherits@2.0.3, inherits@~2.0.3:
    version "2.0.3"
    resolved "https://registry.npmjs.org/inherits/-/inherits-2.0.3.tgz#633c2c83e3da42a502f52466022480f4208261de"
  
  isarray@~1.0.0:
    version "1.0.0"
    resolved "https://registry.npmjs.org/isarray/-/isarray-1.0.0.tgz#bb935d48582cba168c06834957a54a3e07124f11"
  
  lodash@^4.14.0:
    version "4.17.5"
    resolved "https://registry.npmjs.org/lodash/-/lodash-4.17.5.tgz#99a92d65c0272debe8c96b6057bc8fbfa3bed511"
  
  mime@1.4.1:
    version "1.4.1"
    resolved "https://registry.npmjs.org/mime/-/mime-1.4.1.tgz#121f9ebc49e3766f311a76e1fa1c8003c4b03aa6"
  
  ms@2.0.0:
    version "2.0.0"
    resolved "https://registry.npmjs.org/ms/-/ms-2.0.0.tgz#5608aeadfc00be6c2901df5f9861788de0d597c8"
  
  mysql-robin@=2.0.8:
    version "2.0.8"
    resolved "https://registry.npmjs.org/mysql-robin/-/mysql-robin-2.0.8.tgz#c0a4b5675e7aff6e5691858ac2f8eebceb659c2b"
    dependencies:
      require-all "0.0.3"
  
  mysql@^2.10.2:
    version "2.15.0"
    resolved "https://registry.npmjs.org/mysql/-/mysql-2.15.0.tgz#ea16841156343e8f2e47fc8985ec41cdd9573b5c"
    dependencies:
      bignumber.js "4.0.4"
      readable-stream "2.3.3"
      safe-buffer "5.1.1"
      sqlstring "2.3.0"
  
  on-finished@~2.3.0:
    version "2.3.0"
    resolved "https://registry.npmjs.org/on-finished/-/on-finished-2.3.0.tgz#20f1336481b083cd75337992a16971aa2d906947"
    dependencies:
      ee-first "1.1.1"
  
  parseurl@~1.3.2:
    version "1.3.2"
    resolved "https://registry.npmjs.org/parseurl/-/parseurl-1.3.2.tgz#fc289d4ed8993119460c156253262cdc8de65bf3"
  
  process-nextick-args@~1.0.6:
    version "1.0.7"
    resolved "https://registry.npmjs.org/process-nextick-args/-/process-nextick-args-1.0.7.tgz#150e20b756590ad3f91093f25a4f2ad8bff30ba3"
  
  range-parser@~1.2.0:
    version "1.2.0"
    resolved "https://registry.npmjs.org/range-parser/-/range-parser-1.2.0.tgz#f49be6b487894ddc40dcc94a322f611092e00d5e"
  
  readable-stream@2.3.3:
    version "2.3.3"
    resolved "https://registry.npmjs.org/readable-stream/-/readable-stream-2.3.3.tgz#368f2512d79f9d46fdfc71349ae7878bbc1eb95c"
    dependencies:
      core-util-is "~1.0.0"
      inherits "~2.0.3"
      isarray "~1.0.0"
      process-nextick-args "~1.0.6"
      safe-buffer "~5.1.1"
      string_decoder "~1.0.3"
      util-deprecate "~1.0.1"
  
  redis-commands@^1.2.0:
    version "1.3.5"
    resolved "https://registry.npmjs.org/redis-commands/-/redis-commands-1.3.5.tgz#4495889414f1e886261180b1442e7295602d83a2"
  
  redis-parser@^2.6.0:
    version "2.6.0"
    resolved "https://registry.npmjs.org/redis-parser/-/redis-parser-2.6.0.tgz#52ed09dacac108f1a631c07e9b69941e7a19504b"
  
  redis@^2.2.5:
    version "2.8.0"
    resolved "https://registry.npmjs.org/redis/-/redis-2.8.0.tgz#202288e3f58c49f6079d97af7a10e1303ae14b02"
    dependencies:
      double-ended-queue "^2.1.0-0"
      redis-commands "^1.2.0"
      redis-parser "^2.6.0"
  
  require-all@0.0.3:
    version "0.0.3"
    resolved "https://registry.npmjs.org/require-all/-/require-all-0.0.3.tgz#051e192246c00d399bfe6164bc4e810bc588e01a"
  
  safe-buffer@5.1.1, safe-buffer@~5.1.0, safe-buffer@~5.1.1:
    version "5.1.1"
    resolved "https://registry.npmjs.org/safe-buffer/-/safe-buffer-5.1.1.tgz#893312af69b2123def71f57889001671eeb2c853"
  
  safequeue@>=0.0.2:
    version "0.0.2"
    resolved "https://registry.npmjs.org/safequeue/-/safequeue-0.0.2.tgz#c61b430cfe4d4abadf9967a80288e8d92f3322b4"
  
  send@0.16.2:
    version "0.16.2"
    resolved "https://registry.npmjs.org/send/-/send-0.16.2.tgz#6ecca1e0f8c156d141597559848df64730a6bbc1"
    dependencies:
      debug "2.6.9"
      depd "~1.1.2"
      destroy "~1.0.4"
      encodeurl "~1.0.2"
      escape-html "~1.0.3"
      etag "~1.8.1"
      fresh "0.5.2"
      http-errors "~1.6.2"
      mime "1.4.1"
      ms "2.0.0"
      on-finished "~2.3.0"
      range-parser "~1.2.0"
      statuses "~1.4.0"
  
  serve-static@^1.9.3:
    version "1.13.2"
    resolved "https://registry.npmjs.org/serve-static/-/serve-static-1.13.2.tgz#095e8472fd5b46237db50ce486a43f4b86c6cec1"
    dependencies:
      encodeurl "~1.0.2"
      escape-html "~1.0.3"
      parseurl "~1.3.2"
      send "0.16.2"
  
  setprototypeof@1.0.3:
    version "1.0.3"
    resolved "https://registry.npmjs.org/setprototypeof/-/setprototypeof-1.0.3.tgz#66567e37043eeb4f04d91bd658c0cbefb55b8e04"
  
  sqlstring@2.3.0:
    version "2.3.0"
    resolved "https://registry.npmjs.org/sqlstring/-/sqlstring-2.3.0.tgz#525b8a4fd26d6f71aa61e822a6caf976d31ad2a8"
  
  "statuses@>= 1.3.1 < 2", statuses@~1.4.0:
    version "1.4.0"
    resolved "https://registry.npmjs.org/statuses/-/statuses-1.4.0.tgz#bb73d446da2796106efcc1b601a253d6c46bd087"
  
  string_decoder@~1.0.3:
    version "1.0.3"
    resolved "https://registry.npmjs.org/string_decoder/-/string_decoder-1.0.3.tgz#0fc67d7c141825de94282dd536bec6b9bce860ab"
    dependencies:
      safe-buffer "~5.1.0"
  
  util-deprecate@~1.0.1:
    version "1.0.2"
    resolved "https://registry.npmjs.org/util-deprecate/-/util-deprecate-1.0.2.tgz#450d4dc9fa70de732762fbd2d4a28981419a0ccf"
  
  xiaolan-db@^1.2.15:
    version "1.2.15"
    resolved "https://registry.npmjs.org/xiaolan-db/-/xiaolan-db-1.2.15.tgz#f8534611b14c4e11e9635e6a354b6cce37ccc1db"
    dependencies:
      fy-mysql "^0.2.13"
  
  xiaolan-router@^1.0.2:
    version "1.0.4"
    resolved "https://registry.npmjs.org/xiaolan-router/-/xiaolan-router-1.0.4.tgz#cb123a592c8e6753dfde7eb3e3b79acf627d2235"
  
  xiaolan@^1.6.27:
    version "1.6.27"
    resolved "https://registry.npmjs.org/xiaolan/-/xiaolan-1.6.27.tgz#51b0a7b9cbaf094f793169bf47b4a9200340ad9e"
    dependencies:
      async "^2.5.0"
      colors "^1.1.2"
      crypto "0.0.3"
      dotenvr "^0.1.13"
      easymysql "^0.2.7"
      fy-mysql "^0.2.13"
      redis "^2.2.5"
      serve-static "^1.9.3"
      xiaolan-db "^1.2.15"
      xiaolan-router "^1.0.2"

Trace: 
  Error: https://registry.npmjs.org/xiaolan: ETIMEDOUT
      at Timeout._onTimeout (/usr/local/Cellar/yarn/1.3.2/libexec/lib/cli.js:123749:19)
      at ontimeout (timers.js:458:11)
      at tryOnTimeout (timers.js:296:5)
      at Timer.listOnTimeout (timers.js:259:5)
